INFO:encore:314 - Created non-GUI application for batch mode execution.
INFO:sim:172 - Generating IP...
Resolving generics for 'addsb_11_0_0e0e0a285ef7a16d'...
Applying external generics to 'addsb_11_0_0e0e0a285ef7a16d'...
Delivering associated files for 'addsb_11_0_0e0e0a285ef7a16d'...
Generating implementation netlist for 'addsb_11_0_0e0e0a285ef7a16d'...
INFO:sim - Pre-processing HDL files for 'addsb_11_0_0e0e0a285ef7a16d'...
Running synthesis for 'addsb_11_0_0e0e0a285ef7a16d'
Running ngcbuild...
Writing VEO instantiation template for 'addsb_11_0_0e0e0a285ef7a16d'...
Writing Verilog structural simulation model for 'addsb_11_0_0e0e0a285ef7a16d'...
Delivered 3 files into directory
C:/Users/laurengao.COMTECH/AppData/Local/Temp/sysgentmp-laurengao/cg_wk/cac8229c
4e901867a/tmp/_cg/addsb_11_0_0e0e0a285ef7a16d
Delivered 1 file into directory
C:/Users/laurengao.COMTECH/AppData/Local/Temp/sysgentmp-laurengao/cg_wk/cac8229c
4e901867a/tmp/_cg/addsb_11_0_0e0e0a285ef7a16d
INFO:sim:949 - Finished generation of ASY schematic symbol.
Generating metadata file...
Generating ISE project file for 'addsb_11_0_0e0e0a285ef7a16d'...
Generating README file...
Generating FLIST file...
INFO:sim:948 - Finished FLIST file generation.
Moving files to output directory...
Finished moving files to output directory
Saved CGP file for project 'coregen'.
INFO:sim:172 - Generating IP...
Resolving generics for 'addsb_11_0_1ae7fcb63c340449'...
Applying external generics to 'addsb_11_0_1ae7fcb63c340449'...
Delivering associated files for 'addsb_11_0_1ae7fcb63c340449'...
Generating implementation netlist for 'addsb_11_0_1ae7fcb63c340449'...
INFO:sim - Pre-processing HDL files for 'addsb_11_0_1ae7fcb63c340449'...
Running synthesis for 'addsb_11_0_1ae7fcb63c340449'
Running ngcbuild...
Writing VEO instantiation template for 'addsb_11_0_1ae7fcb63c340449'...
Writing Verilog structural simulation model for 'addsb_11_0_1ae7fcb63c340449'...
Delivered 3 files into directory
C:/Users/laurengao.COMTECH/AppData/Local/Temp/sysgentmp-laurengao/cg_wk/cac8229c
4e901867a/tmp/_cg/addsb_11_0_1ae7fcb63c340449
Delivered 1 file into directory
C:/Users/laurengao.COMTECH/AppData/Local/Temp/sysgentmp-laurengao/cg_wk/cac8229c
4e901867a/tmp/_cg/addsb_11_0_1ae7fcb63c340449
INFO:sim:949 - Finished generation of ASY schematic symbol.
Generating metadata file...
Generating ISE project file for 'addsb_11_0_1ae7fcb63c340449'...
Generating README file...
Generating FLIST file...
INFO:sim:948 - Finished FLIST file generation.
Moving files to output directory...
Finished moving files to output directory
Saved CGP file for project 'coregen'.
INFO:sim:172 - Generating IP...
Resolving generics for 'addsb_11_0_27308e86a0ce55d1'...
Applying external generics to 'addsb_11_0_27308e86a0ce55d1'...
Delivering associated files for 'addsb_11_0_27308e86a0ce55d1'...
Generating implementation netlist for 'addsb_11_0_27308e86a0ce55d1'...
INFO:sim - Pre-processing HDL files for 'addsb_11_0_27308e86a0ce55d1'...
Running synthesis for 'addsb_11_0_27308e86a0ce55d1'
Running ngcbuild...
Writing VEO instantiation template for 'addsb_11_0_27308e86a0ce55d1'...
Writing Verilog structural simulation model for 'addsb_11_0_27308e86a0ce55d1'...
Delivered 3 files into directory
C:/Users/laurengao.COMTECH/AppData/Local/Temp/sysgentmp-laurengao/cg_wk/cac8229c
4e901867a/tmp/_cg/addsb_11_0_27308e86a0ce55d1
Delivered 1 file into directory
C:/Users/laurengao.COMTECH/AppData/Local/Temp/sysgentmp-laurengao/cg_wk/cac8229c
4e901867a/tmp/_cg/addsb_11_0_27308e86a0ce55d1
INFO:sim:949 - Finished generation of ASY schematic symbol.
Generating metadata file...
Generating ISE project file for 'addsb_11_0_27308e86a0ce55d1'...
Generating README file...
Generating FLIST file...
INFO:sim:948 - Finished FLIST file generation.
Moving files to output directory...
Finished moving files to output directory
Saved CGP file for project 'coregen'.
INFO:sim:172 - Generating IP...
Resolving generics for 'addsb_11_0_315e1457f99dae5e'...
Applying external generics to 'addsb_11_0_315e1457f99dae5e'...
Delivering associated files for 'addsb_11_0_315e1457f99dae5e'...
Generating implementation netlist for 'addsb_11_0_315e1457f99dae5e'...
INFO:sim - Pre-processing HDL files for 'addsb_11_0_315e1457f99dae5e'...
Running synthesis for 'addsb_11_0_315e1457f99dae5e'
Running ngcbuild...
Writing VEO instantiation template for 'addsb_11_0_315e1457f99dae5e'...
Writing Verilog structural simulation model for 'addsb_11_0_315e1457f99dae5e'...
Delivered 3 files into directory
C:/Users/laurengao.COMTECH/AppData/Local/Temp/sysgentmp-laurengao/cg_wk/cac8229c
4e901867a/tmp/_cg/addsb_11_0_315e1457f99dae5e
Delivered 1 file into directory
C:/Users/laurengao.COMTECH/AppData/Local/Temp/sysgentmp-laurengao/cg_wk/cac8229c
4e901867a/tmp/_cg/addsb_11_0_315e1457f99dae5e
INFO:sim:949 - Finished generation of ASY schematic symbol.
Generating metadata file...
Generating ISE project file for 'addsb_11_0_315e1457f99dae5e'...
Generating README file...
Generating FLIST file...
INFO:sim:948 - Finished FLIST file generation.
Moving files to output directory...
Finished moving files to output directory
Saved CGP file for project 'coregen'.
INFO:sim:172 - Generating IP...
Resolving generics for 'addsb_11_0_3abe85fcf1017fed'...
Applying external generics to 'addsb_11_0_3abe85fcf1017fed'...
Delivering associated files for 'addsb_11_0_3abe85fcf1017fed'...
Generating implementation netlist for 'addsb_11_0_3abe85fcf1017fed'...
INFO:sim - Pre-processing HDL files for 'addsb_11_0_3abe85fcf1017fed'...
Running synthesis for 'addsb_11_0_3abe85fcf1017fed'
Running ngcbuild...
Writing VEO instantiation template for 'addsb_11_0_3abe85fcf1017fed'...
Writing Verilog structural simulation model for 'addsb_11_0_3abe85fcf1017fed'...
Delivered 3 files into directory
C:/Users/laurengao.COMTECH/AppData/Local/Temp/sysgentmp-laurengao/cg_wk/cac8229c
4e901867a/tmp/_cg/addsb_11_0_3abe85fcf1017fed
Delivered 1 file into directory
C:/Users/laurengao.COMTECH/AppData/Local/Temp/sysgentmp-laurengao/cg_wk/cac8229c
4e901867a/tmp/_cg/addsb_11_0_3abe85fcf1017fed
INFO:sim:949 - Finished generation of ASY schematic symbol.
Generating metadata file...
Generating ISE project file for 'addsb_11_0_3abe85fcf1017fed'...
Generating README file...
Generating FLIST file...
INFO:sim:948 - Finished FLIST file generation.
Moving files to output directory...
Finished moving files to output directory
Saved CGP file for project 'coregen'.
INFO:sim:172 - Generating IP...
Resolving generics for 'addsb_11_0_3b5cfe2278dc7df8'...
Applying external generics to 'addsb_11_0_3b5cfe2278dc7df8'...
Delivering associated files for 'addsb_11_0_3b5cfe2278dc7df8'...
Generating implementation netlist for 'addsb_11_0_3b5cfe2278dc7df8'...
INFO:sim - Pre-processing HDL files for 'addsb_11_0_3b5cfe2278dc7df8'...
Running synthesis for 'addsb_11_0_3b5cfe2278dc7df8'
Running ngcbuild...
Writing VEO instantiation template for 'addsb_11_0_3b5cfe2278dc7df8'...
Writing Verilog structural simulation model for 'addsb_11_0_3b5cfe2278dc7df8'...
Delivered 3 files into directory
C:/Users/laurengao.COMTECH/AppData/Local/Temp/sysgentmp-laurengao/cg_wk/cac8229c
4e901867a/tmp/_cg/addsb_11_0_3b5cfe2278dc7df8
Delivered 1 file into directory
C:/Users/laurengao.COMTECH/AppData/Local/Temp/sysgentmp-laurengao/cg_wk/cac8229c
4e901867a/tmp/_cg/addsb_11_0_3b5cfe2278dc7df8
INFO:sim:949 - Finished generation of ASY schematic symbol.
Generating metadata file...
Generating ISE project file for 'addsb_11_0_3b5cfe2278dc7df8'...
Generating README file...
Generating FLIST file...
INFO:sim:948 - Finished FLIST file generation.
Moving files to output directory...
Finished moving files to output directory
Saved CGP file for project 'coregen'.
INFO:sim:172 - Generating IP...
Resolving generics for 'addsb_11_0_3cbd55626510ca57'...
Applying external generics to 'addsb_11_0_3cbd55626510ca57'...
Delivering associated files for 'addsb_11_0_3cbd55626510ca57'...
Generating implementation netlist for 'addsb_11_0_3cbd55626510ca57'...
INFO:sim - Pre-processing HDL files for 'addsb_11_0_3cbd55626510ca57'...
Running synthesis for 'addsb_11_0_3cbd55626510ca57'
Running ngcbuild...
Writing VEO instantiation template for 'addsb_11_0_3cbd55626510ca57'...
Writing Verilog structural simulation model for 'addsb_11_0_3cbd55626510ca57'...
Delivered 3 files into directory
C:/Users/laurengao.COMTECH/AppData/Local/Temp/sysgentmp-laurengao/cg_wk/cac8229c
4e901867a/tmp/_cg/addsb_11_0_3cbd55626510ca57
Delivered 1 file into directory
C:/Users/laurengao.COMTECH/AppData/Local/Temp/sysgentmp-laurengao/cg_wk/cac8229c
4e901867a/tmp/_cg/addsb_11_0_3cbd55626510ca57
INFO:sim:949 - Finished generation of ASY schematic symbol.
Generating metadata file...
Generating ISE project file for 'addsb_11_0_3cbd55626510ca57'...
Generating README file...
Generating FLIST file...
INFO:sim:948 - Finished FLIST file generation.
Moving files to output directory...
Finished moving files to output directory
Saved CGP file for project 'coregen'.
INFO:sim:172 - Generating IP...
Resolving generics for 'addsb_11_0_45f8b994267d2451'...
Applying external generics to 'addsb_11_0_45f8b994267d2451'...
Delivering associated files for 'addsb_11_0_45f8b994267d2451'...
Generating implementation netlist for 'addsb_11_0_45f8b994267d2451'...
INFO:sim - Pre-processing HDL files for 'addsb_11_0_45f8b994267d2451'...
Running synthesis for 'addsb_11_0_45f8b994267d2451'
Running ngcbuild...
Writing VEO instantiation template for 'addsb_11_0_45f8b994267d2451'...
Writing Verilog structural simulation model for 'addsb_11_0_45f8b994267d2451'...
Delivered 3 files into directory
C:/Users/laurengao.COMTECH/AppData/Local/Temp/sysgentmp-laurengao/cg_wk/cac8229c
4e901867a/tmp/_cg/addsb_11_0_45f8b994267d2451
Delivered 1 file into directory
C:/Users/laurengao.COMTECH/AppData/Local/Temp/sysgentmp-laurengao/cg_wk/cac8229c
4e901867a/tmp/_cg/addsb_11_0_45f8b994267d2451
INFO:sim:949 - Finished generation of ASY schematic symbol.
Generating metadata file...
Generating ISE project file for 'addsb_11_0_45f8b994267d2451'...
Generating README file...
Generating FLIST file...
INFO:sim:948 - Finished FLIST file generation.
Moving files to output directory...
Finished moving files to output directory
Saved CGP file for project 'coregen'.
INFO:sim:172 - Generating IP...
Resolving generics for 'addsb_11_0_490e4beeb7992ef4'...
Applying external generics to 'addsb_11_0_490e4beeb7992ef4'...
Delivering associated files for 'addsb_11_0_490e4beeb7992ef4'...
Generating implementation netlist for 'addsb_11_0_490e4beeb7992ef4'...
INFO:sim - Pre-processing HDL files for 'addsb_11_0_490e4beeb7992ef4'...
Running synthesis for 'addsb_11_0_490e4beeb7992ef4'
Running ngcbuild...
Writing VEO instantiation template for 'addsb_11_0_490e4beeb7992ef4'...
Writing Verilog structural simulation model for 'addsb_11_0_490e4beeb7992ef4'...
Delivered 3 files into directory
C:/Users/laurengao.COMTECH/AppData/Local/Temp/sysgentmp-laurengao/cg_wk/cac8229c
4e901867a/tmp/_cg/addsb_11_0_490e4beeb7992ef4
Delivered 1 file into directory
C:/Users/laurengao.COMTECH/AppData/Local/Temp/sysgentmp-laurengao/cg_wk/cac8229c
4e901867a/tmp/_cg/addsb_11_0_490e4beeb7992ef4
INFO:sim:949 - Finished generation of ASY schematic symbol.
Generating metadata file...
Generating ISE project file for 'addsb_11_0_490e4beeb7992ef4'...
Generating README file...
Generating FLIST file...
INFO:sim:948 - Finished FLIST file generation.
Moving files to output directory...
Finished moving files to output directory
Saved CGP file for project 'coregen'.
INFO:sim:172 - Generating IP...
Resolving generics for 'addsb_11_0_49467494b87e75c7'...
Applying external generics to 'addsb_11_0_49467494b87e75c7'...
Delivering associated files for 'addsb_11_0_49467494b87e75c7'...
Generating implementation netlist for 'addsb_11_0_49467494b87e75c7'...
INFO:sim - Pre-processing HDL files for 'addsb_11_0_49467494b87e75c7'...
Running synthesis for 'addsb_11_0_49467494b87e75c7'
Running ngcbuild...
Writing VEO instantiation template for 'addsb_11_0_49467494b87e75c7'...
Writing Verilog structural simulation model for 'addsb_11_0_49467494b87e75c7'...
Delivered 3 files into directory
C:/Users/laurengao.COMTECH/AppData/Local/Temp/sysgentmp-laurengao/cg_wk/cac8229c
4e901867a/tmp/_cg/addsb_11_0_49467494b87e75c7
Delivered 1 file into directory
C:/Users/laurengao.COMTECH/AppData/Local/Temp/sysgentmp-laurengao/cg_wk/cac8229c
4e901867a/tmp/_cg/addsb_11_0_49467494b87e75c7
INFO:sim:949 - Finished generation of ASY schematic symbol.
Generating metadata file...
Generating ISE project file for 'addsb_11_0_49467494b87e75c7'...
Generating README file...
Generating FLIST file...
INFO:sim:948 - Finished FLIST file generation.
Moving files to output directory...
Finished moving files to output directory
Saved CGP file for project 'coregen'.
INFO:sim:172 - Generating IP...
Resolving generics for 'addsb_11_0_6623adedd12a938a'...
Applying external generics to 'addsb_11_0_6623adedd12a938a'...
Delivering associated files for 'addsb_11_0_6623adedd12a938a'...
Generating implementation netlist for 'addsb_11_0_6623adedd12a938a'...
INFO:sim - Pre-processing HDL files for 'addsb_11_0_6623adedd12a938a'...
Running synthesis for 'addsb_11_0_6623adedd12a938a'
Running ngcbuild...
Writing VEO instantiation template for 'addsb_11_0_6623adedd12a938a'...
Writing Verilog structural simulation model for 'addsb_11_0_6623adedd12a938a'...
Delivered 3 files into directory
C:/Users/laurengao.COMTECH/AppData/Local/Temp/sysgentmp-laurengao/cg_wk/cac8229c
4e901867a/tmp/_cg/addsb_11_0_6623adedd12a938a
Delivered 1 file into directory
C:/Users/laurengao.COMTECH/AppData/Local/Temp/sysgentmp-laurengao/cg_wk/cac8229c
4e901867a/tmp/_cg/addsb_11_0_6623adedd12a938a
INFO:sim:949 - Finished generation of ASY schematic symbol.
Generating metadata file...
Generating ISE project file for 'addsb_11_0_6623adedd12a938a'...
Generating README file...
Generating FLIST file...
INFO:sim:948 - Finished FLIST file generation.
Moving files to output directory...
Finished moving files to output directory
Saved CGP file for project 'coregen'.
INFO:sim:172 - Generating IP...
Resolving generics for 'addsb_11_0_750c6c8a22bc78ba'...
Applying external generics to 'addsb_11_0_750c6c8a22bc78ba'...
Delivering associated files for 'addsb_11_0_750c6c8a22bc78ba'...
Generating implementation netlist for 'addsb_11_0_750c6c8a22bc78ba'...
INFO:sim - Pre-processing HDL files for 'addsb_11_0_750c6c8a22bc78ba'...
Running synthesis for 'addsb_11_0_750c6c8a22bc78ba'
Running ngcbuild...
Writing VEO instantiation template for 'addsb_11_0_750c6c8a22bc78ba'...
Writing Verilog structural simulation model for 'addsb_11_0_750c6c8a22bc78ba'...
Delivered 3 files into directory
C:/Users/laurengao.COMTECH/AppData/Local/Temp/sysgentmp-laurengao/cg_wk/cac8229c
4e901867a/tmp/_cg/addsb_11_0_750c6c8a22bc78ba
Delivered 1 file into directory
C:/Users/laurengao.COMTECH/AppData/Local/Temp/sysgentmp-laurengao/cg_wk/cac8229c
4e901867a/tmp/_cg/addsb_11_0_750c6c8a22bc78ba
INFO:sim:949 - Finished generation of ASY schematic symbol.
Generating metadata file...
Generating ISE project file for 'addsb_11_0_750c6c8a22bc78ba'...
Generating README file...
Generating FLIST file...
INFO:sim:948 - Finished FLIST file generation.
Moving files to output directory...
Finished moving files to output directory
Saved CGP file for project 'coregen'.
INFO:sim:172 - Generating IP...
Resolving generics for 'addsb_11_0_82f1c5fd59d21ea0'...
Applying external generics to 'addsb_11_0_82f1c5fd59d21ea0'...
Delivering associated files for 'addsb_11_0_82f1c5fd59d21ea0'...
Generating implementation netlist for 'addsb_11_0_82f1c5fd59d21ea0'...
INFO:sim - Pre-processing HDL files for 'addsb_11_0_82f1c5fd59d21ea0'...
Running synthesis for 'addsb_11_0_82f1c5fd59d21ea0'
Running ngcbuild...
Writing VEO instantiation template for 'addsb_11_0_82f1c5fd59d21ea0'...
Writing Verilog structural simulation model for 'addsb_11_0_82f1c5fd59d21ea0'...
Delivered 3 files into directory
C:/Users/laurengao.COMTECH/AppData/Local/Temp/sysgentmp-laurengao/cg_wk/cac8229c
4e901867a/tmp/_cg/addsb_11_0_82f1c5fd59d21ea0
Delivered 1 file into directory
C:/Users/laurengao.COMTECH/AppData/Local/Temp/sysgentmp-laurengao/cg_wk/cac8229c
4e901867a/tmp/_cg/addsb_11_0_82f1c5fd59d21ea0
INFO:sim:949 - Finished generation of ASY schematic symbol.
Generating metadata file...
Generating ISE project file for 'addsb_11_0_82f1c5fd59d21ea0'...
Generating README file...
Generating FLIST file...
INFO:sim:948 - Finished FLIST file generation.
Moving files to output directory...
Finished moving files to output directory
Saved CGP file for project 'coregen'.
INFO:sim:172 - Generating IP...
Resolving generics for 'addsb_11_0_8747e77bb511337e'...
Applying external generics to 'addsb_11_0_8747e77bb511337e'...
Delivering associated files for 'addsb_11_0_8747e77bb511337e'...
Generating implementation netlist for 'addsb_11_0_8747e77bb511337e'...
INFO:sim - Pre-processing HDL files for 'addsb_11_0_8747e77bb511337e'...
Running synthesis for 'addsb_11_0_8747e77bb511337e'
Running ngcbuild...
Writing VEO instantiation template for 'addsb_11_0_8747e77bb511337e'...
Writing Verilog structural simulation model for 'addsb_11_0_8747e77bb511337e'...
Delivered 3 files into directory
C:/Users/laurengao.COMTECH/AppData/Local/Temp/sysgentmp-laurengao/cg_wk/cac8229c
4e901867a/tmp/_cg/addsb_11_0_8747e77bb511337e
Delivered 1 file into directory
C:/Users/laurengao.COMTECH/AppData/Local/Temp/sysgentmp-laurengao/cg_wk/cac8229c
4e901867a/tmp/_cg/addsb_11_0_8747e77bb511337e
INFO:sim:949 - Finished generation of ASY schematic symbol.
Generating metadata file...
Generating ISE project file for 'addsb_11_0_8747e77bb511337e'...
Generating README file...
Generating FLIST file...
INFO:sim:948 - Finished FLIST file generation.
Moving files to output directory...
Finished moving files to output directory
Saved CGP file for project 'coregen'.
INFO:sim:172 - Generating IP...
Resolving generics for 'addsb_11_0_9196f8ffd2db8ce4'...
Applying external generics to 'addsb_11_0_9196f8ffd2db8ce4'...
Delivering associated files for 'addsb_11_0_9196f8ffd2db8ce4'...
Generating implementation netlist for 'addsb_11_0_9196f8ffd2db8ce4'...
INFO:sim - Pre-processing HDL files for 'addsb_11_0_9196f8ffd2db8ce4'...
Running synthesis for 'addsb_11_0_9196f8ffd2db8ce4'
Running ngcbuild...
Writing VEO instantiation template for 'addsb_11_0_9196f8ffd2db8ce4'...
Writing Verilog structural simulation model for 'addsb_11_0_9196f8ffd2db8ce4'...
Delivered 3 files into directory
C:/Users/laurengao.COMTECH/AppData/Local/Temp/sysgentmp-laurengao/cg_wk/cac8229c
4e901867a/tmp/_cg/addsb_11_0_9196f8ffd2db8ce4
Delivered 1 file into directory
C:/Users/laurengao.COMTECH/AppData/Local/Temp/sysgentmp-laurengao/cg_wk/cac8229c
4e901867a/tmp/_cg/addsb_11_0_9196f8ffd2db8ce4
INFO:sim:949 - Finished generation of ASY schematic symbol.
Generating metadata file...
Generating ISE project file for 'addsb_11_0_9196f8ffd2db8ce4'...
Generating README file...
Generating FLIST file...
INFO:sim:948 - Finished FLIST file generation.
Moving files to output directory...
Finished moving files to output directory
Saved CGP file for project 'coregen'.
INFO:sim:172 - Generating IP...
Resolving generics for 'addsb_11_0_a5337ca1a964fead'...
Applying external generics to 'addsb_11_0_a5337ca1a964fead'...
Delivering associated files for 'addsb_11_0_a5337ca1a964fead'...
Generating implementation netlist for 'addsb_11_0_a5337ca1a964fead'...
INFO:sim - Pre-processing HDL files for 'addsb_11_0_a5337ca1a964fead'...
Running synthesis for 'addsb_11_0_a5337ca1a964fead'
Running ngcbuild...
Writing VEO instantiation template for 'addsb_11_0_a5337ca1a964fead'...
Writing Verilog structural simulation model for 'addsb_11_0_a5337ca1a964fead'...
Delivered 3 files into directory
C:/Users/laurengao.COMTECH/AppData/Local/Temp/sysgentmp-laurengao/cg_wk/cac8229c
4e901867a/tmp/_cg/addsb_11_0_a5337ca1a964fead
Delivered 1 file into directory
C:/Users/laurengao.COMTECH/AppData/Local/Temp/sysgentmp-laurengao/cg_wk/cac8229c
4e901867a/tmp/_cg/addsb_11_0_a5337ca1a964fead
INFO:sim:949 - Finished generation of ASY schematic symbol.
Generating metadata file...
Generating ISE project file for 'addsb_11_0_a5337ca1a964fead'...
Generating README file...
Generating FLIST file...
INFO:sim:948 - Finished FLIST file generation.
Moving files to output directory...
Finished moving files to output directory
Saved CGP file for project 'coregen'.
INFO:sim:172 - Generating IP...
Resolving generics for 'addsb_11_0_c70c61eff7bb7aeb'...
Applying external generics to 'addsb_11_0_c70c61eff7bb7aeb'...
Delivering associated files for 'addsb_11_0_c70c61eff7bb7aeb'...
Generating implementation netlist for 'addsb_11_0_c70c61eff7bb7aeb'...
INFO:sim - Pre-processing HDL files for 'addsb_11_0_c70c61eff7bb7aeb'...
Running synthesis for 'addsb_11_0_c70c61eff7bb7aeb'
Running ngcbuild...
Writing VEO instantiation template for 'addsb_11_0_c70c61eff7bb7aeb'...
Writing Verilog structural simulation model for 'addsb_11_0_c70c61eff7bb7aeb'...
Delivered 3 files into directory
C:/Users/laurengao.COMTECH/AppData/Local/Temp/sysgentmp-laurengao/cg_wk/cac8229c
4e901867a/tmp/_cg/addsb_11_0_c70c61eff7bb7aeb
Delivered 1 file into directory
C:/Users/laurengao.COMTECH/AppData/Local/Temp/sysgentmp-laurengao/cg_wk/cac8229c
4e901867a/tmp/_cg/addsb_11_0_c70c61eff7bb7aeb
INFO:sim:949 - Finished generation of ASY schematic symbol.
Generating metadata file...
Generating ISE project file for 'addsb_11_0_c70c61eff7bb7aeb'...
Generating README file...
Generating FLIST file...
INFO:sim:948 - Finished FLIST file generation.
Moving files to output directory...
Finished moving files to output directory
Saved CGP file for project 'coregen'.
INFO:sim:172 - Generating IP...
Resolving generics for 'addsb_11_0_ccf4ef11a52a233f'...
Applying external generics to 'addsb_11_0_ccf4ef11a52a233f'...
Delivering associated files for 'addsb_11_0_ccf4ef11a52a233f'...
Generating implementation netlist for 'addsb_11_0_ccf4ef11a52a233f'...
INFO:sim - Pre-processing HDL files for 'addsb_11_0_ccf4ef11a52a233f'...
Running synthesis for 'addsb_11_0_ccf4ef11a52a233f'
Running ngcbuild...
Writing VEO instantiation template for 'addsb_11_0_ccf4ef11a52a233f'...
Writing Verilog structural simulation model for 'addsb_11_0_ccf4ef11a52a233f'...
Delivered 3 files into directory
C:/Users/laurengao.COMTECH/AppData/Local/Temp/sysgentmp-laurengao/cg_wk/cac8229c
4e901867a/tmp/_cg/addsb_11_0_ccf4ef11a52a233f
Delivered 1 file into directory
C:/Users/laurengao.COMTECH/AppData/Local/Temp/sysgentmp-laurengao/cg_wk/cac8229c
4e901867a/tmp/_cg/addsb_11_0_ccf4ef11a52a233f
INFO:sim:949 - Finished generation of ASY schematic symbol.
Generating metadata file...
Generating ISE project file for 'addsb_11_0_ccf4ef11a52a233f'...
Generating README file...
Generating FLIST file...
INFO:sim:948 - Finished FLIST file generation.
Moving files to output directory...
Finished moving files to output directory
Saved CGP file for project 'coregen'.
INFO:sim:172 - Generating IP...
Resolving generics for 'addsb_11_0_cfbd5258ba626a7a'...
Applying external generics to 'addsb_11_0_cfbd5258ba626a7a'...
Delivering associated files for 'addsb_11_0_cfbd5258ba626a7a'...
Generating implementation netlist for 'addsb_11_0_cfbd5258ba626a7a'...
INFO:sim - Pre-processing HDL files for 'addsb_11_0_cfbd5258ba626a7a'...
Running synthesis for 'addsb_11_0_cfbd5258ba626a7a'
Running ngcbuild...
Writing VEO instantiation template for 'addsb_11_0_cfbd5258ba626a7a'...
Writing Verilog structural simulation model for 'addsb_11_0_cfbd5258ba626a7a'...
Delivered 3 files into directory
C:/Users/laurengao.COMTECH/AppData/Local/Temp/sysgentmp-laurengao/cg_wk/cac8229c
4e901867a/tmp/_cg/addsb_11_0_cfbd5258ba626a7a
Delivered 1 file into directory
C:/Users/laurengao.COMTECH/AppData/Local/Temp/sysgentmp-laurengao/cg_wk/cac8229c
4e901867a/tmp/_cg/addsb_11_0_cfbd5258ba626a7a
INFO:sim:949 - Finished generation of ASY schematic symbol.
Generating metadata file...
Generating ISE project file for 'addsb_11_0_cfbd5258ba626a7a'...
Generating README file...
Generating FLIST file...
INFO:sim:948 - Finished FLIST file generation.
Moving files to output directory...
Finished moving files to output directory
Saved CGP file for project 'coregen'.
INFO:sim:172 - Generating IP...
Resolving generics for 'addsb_11_0_d0318fcf26b3c272'...
Applying external generics to 'addsb_11_0_d0318fcf26b3c272'...
Delivering associated files for 'addsb_11_0_d0318fcf26b3c272'...
Generating implementation netlist for 'addsb_11_0_d0318fcf26b3c272'...
INFO:sim - Pre-processing HDL files for 'addsb_11_0_d0318fcf26b3c272'...
Running synthesis for 'addsb_11_0_d0318fcf26b3c272'
Running ngcbuild...
Writing VEO instantiation template for 'addsb_11_0_d0318fcf26b3c272'...
Writing Verilog structural simulation model for 'addsb_11_0_d0318fcf26b3c272'...
Delivered 3 files into directory
C:/Users/laurengao.COMTECH/AppData/Local/Temp/sysgentmp-laurengao/cg_wk/cac8229c
4e901867a/tmp/_cg/addsb_11_0_d0318fcf26b3c272
Delivered 1 file into directory
C:/Users/laurengao.COMTECH/AppData/Local/Temp/sysgentmp-laurengao/cg_wk/cac8229c
4e901867a/tmp/_cg/addsb_11_0_d0318fcf26b3c272
INFO:sim:949 - Finished generation of ASY schematic symbol.
Generating metadata file...
Generating ISE project file for 'addsb_11_0_d0318fcf26b3c272'...
Generating README file...
Generating FLIST file...
INFO:sim:948 - Finished FLIST file generation.
Moving files to output directory...
Finished moving files to output directory
Saved CGP file for project 'coregen'.
INFO:sim:172 - Generating IP...
Resolving generics for 'addsb_11_0_f1b619e12671c199'...
Applying external generics to 'addsb_11_0_f1b619e12671c199'...
Delivering associated files for 'addsb_11_0_f1b619e12671c199'...
Generating implementation netlist for 'addsb_11_0_f1b619e12671c199'...
INFO:sim - Pre-processing HDL files for 'addsb_11_0_f1b619e12671c199'...
Running synthesis for 'addsb_11_0_f1b619e12671c199'
Running ngcbuild...
Writing VEO instantiation template for 'addsb_11_0_f1b619e12671c199'...
Writing Verilog structural simulation model for 'addsb_11_0_f1b619e12671c199'...
Delivered 3 files into directory
C:/Users/laurengao.COMTECH/AppData/Local/Temp/sysgentmp-laurengao/cg_wk/cac8229c
4e901867a/tmp/_cg/addsb_11_0_f1b619e12671c199
Delivered 1 file into directory
C:/Users/laurengao.COMTECH/AppData/Local/Temp/sysgentmp-laurengao/cg_wk/cac8229c
4e901867a/tmp/_cg/addsb_11_0_f1b619e12671c199
INFO:sim:949 - Finished generation of ASY schematic symbol.
Generating metadata file...
Generating ISE project file for 'addsb_11_0_f1b619e12671c199'...
Generating README file...
Generating FLIST file...
INFO:sim:948 - Finished FLIST file generation.
Moving files to output directory...
Finished moving files to output directory
Saved CGP file for project 'coregen'.
INFO:sim:172 - Generating IP...
Resolving generics for 'addsb_11_0_f392a1f2f071bf23'...
Applying external generics to 'addsb_11_0_f392a1f2f071bf23'...
Delivering associated files for 'addsb_11_0_f392a1f2f071bf23'...
Generating implementation netlist for 'addsb_11_0_f392a1f2f071bf23'...
INFO:sim - Pre-processing HDL files for 'addsb_11_0_f392a1f2f071bf23'...
Running synthesis for 'addsb_11_0_f392a1f2f071bf23'
Running ngcbuild...
Writing VEO instantiation template for 'addsb_11_0_f392a1f2f071bf23'...
Writing Verilog structural simulation model for 'addsb_11_0_f392a1f2f071bf23'...
Delivered 3 files into directory
C:/Users/laurengao.COMTECH/AppData/Local/Temp/sysgentmp-laurengao/cg_wk/cac8229c
4e901867a/tmp/_cg/addsb_11_0_f392a1f2f071bf23
Delivered 1 file into directory
C:/Users/laurengao.COMTECH/AppData/Local/Temp/sysgentmp-laurengao/cg_wk/cac8229c
4e901867a/tmp/_cg/addsb_11_0_f392a1f2f071bf23
INFO:sim:949 - Finished generation of ASY schematic symbol.
Generating metadata file...
Generating ISE project file for 'addsb_11_0_f392a1f2f071bf23'...
Generating README file...
Generating FLIST file...
INFO:sim:948 - Finished FLIST file generation.
Moving files to output directory...
Finished moving files to output directory
Saved CGP file for project 'coregen'.
INFO:sim:172 - Generating IP...
Resolving generics for 'addsb_11_0_fc66294023431638'...
Applying external generics to 'addsb_11_0_fc66294023431638'...
Delivering associated files for 'addsb_11_0_fc66294023431638'...
Generating implementation netlist for 'addsb_11_0_fc66294023431638'...
INFO:sim - Pre-processing HDL files for 'addsb_11_0_fc66294023431638'...
Running synthesis for 'addsb_11_0_fc66294023431638'
Running ngcbuild...
Writing VEO instantiation template for 'addsb_11_0_fc66294023431638'...
Writing Verilog structural simulation model for 'addsb_11_0_fc66294023431638'...
Delivered 3 files into directory
C:/Users/laurengao.COMTECH/AppData/Local/Temp/sysgentmp-laurengao/cg_wk/cac8229c
4e901867a/tmp/_cg/addsb_11_0_fc66294023431638
Delivered 1 file into directory
C:/Users/laurengao.COMTECH/AppData/Local/Temp/sysgentmp-laurengao/cg_wk/cac8229c
4e901867a/tmp/_cg/addsb_11_0_fc66294023431638
INFO:sim:949 - Finished generation of ASY schematic symbol.
Generating metadata file...
Generating ISE project file for 'addsb_11_0_fc66294023431638'...
Generating README file...
Generating FLIST file...
INFO:sim:948 - Finished FLIST file generation.
Moving files to output directory...
Finished moving files to output directory
Saved CGP file for project 'coregen'.
INFO:sim:172 - Generating IP...
Resolving generics for 'bmg_72_0b6075e08c22268d'...
Applying external generics to 'bmg_72_0b6075e08c22268d'...
Delivering associated files for 'bmg_72_0b6075e08c22268d'...
Delivering EJava files for 'bmg_72_0b6075e08c22268d'...
Generating implementation netlist for 'bmg_72_0b6075e08c22268d'...
INFO:sim - Pre-processing HDL files for 'bmg_72_0b6075e08c22268d'...
Running synthesis for 'bmg_72_0b6075e08c22268d'
Running ngcbuild...
Writing VEO instantiation template for 'bmg_72_0b6075e08c22268d'...
Writing Verilog behavioral simulation model for 'bmg_72_0b6075e08c22268d'...
WARNING:sim - No files were found for the view xilinx_documentation
INFO:sim:949 - Finished generation of ASY schematic symbol.
Generating metadata file...
Generating ISE project file for 'bmg_72_0b6075e08c22268d'...
Generating README file...
Generating FLIST file...
INFO:sim:948 - Finished FLIST file generation.
Moving files to output directory...
Finished moving files to output directory
Saved CGP file for project 'coregen'.
INFO:sim:172 - Generating IP...
Resolving generics for 'bmg_72_2f2b227d5258d685'...
Applying external generics to 'bmg_72_2f2b227d5258d685'...
Delivering associated files for 'bmg_72_2f2b227d5258d685'...
Delivering EJava files for 'bmg_72_2f2b227d5258d685'...
Generating implementation netlist for 'bmg_72_2f2b227d5258d685'...
INFO:sim - Pre-processing HDL files for 'bmg_72_2f2b227d5258d685'...
Running synthesis for 'bmg_72_2f2b227d5258d685'
Running ngcbuild...
Writing VEO instantiation template for 'bmg_72_2f2b227d5258d685'...
Writing Verilog behavioral simulation model for 'bmg_72_2f2b227d5258d685'...
WARNING:sim - No files were found for the view xilinx_documentation
INFO:sim:949 - Finished generation of ASY schematic symbol.
Generating metadata file...
Generating ISE project file for 'bmg_72_2f2b227d5258d685'...
Generating README file...
Generating FLIST file...
INFO:sim:948 - Finished FLIST file generation.
Moving files to output directory...
Finished moving files to output directory
Saved CGP file for project 'coregen'.
INFO:sim:172 - Generating IP...
Resolving generics for 'bmg_72_5fc6d969158b1ced'...
Applying external generics to 'bmg_72_5fc6d969158b1ced'...
Delivering associated files for 'bmg_72_5fc6d969158b1ced'...
Delivering EJava files for 'bmg_72_5fc6d969158b1ced'...
Generating implementation netlist for 'bmg_72_5fc6d969158b1ced'...
INFO:sim - Pre-processing HDL files for 'bmg_72_5fc6d969158b1ced'...
Running synthesis for 'bmg_72_5fc6d969158b1ced'
Running ngcbuild...
Writing VEO instantiation template for 'bmg_72_5fc6d969158b1ced'...
Writing Verilog behavioral simulation model for 'bmg_72_5fc6d969158b1ced'...
WARNING:sim - No files were found for the view xilinx_documentation
INFO:sim:949 - Finished generation of ASY schematic symbol.
Generating metadata file...
Generating ISE project file for 'bmg_72_5fc6d969158b1ced'...
Generating README file...
Generating FLIST file...
INFO:sim:948 - Finished FLIST file generation.
Moving files to output directory...
Finished moving files to output directory
Saved CGP file for project 'coregen'.
INFO:sim:172 - Generating IP...
Resolving generics for 'bmg_72_88bd69a7e506f2a2'...
Applying external generics to 'bmg_72_88bd69a7e506f2a2'...
Delivering associated files for 'bmg_72_88bd69a7e506f2a2'...
Delivering EJava files for 'bmg_72_88bd69a7e506f2a2'...
Generating implementation netlist for 'bmg_72_88bd69a7e506f2a2'...
INFO:sim - Pre-processing HDL files for 'bmg_72_88bd69a7e506f2a2'...
Running synthesis for 'bmg_72_88bd69a7e506f2a2'
Running ngcbuild...
Writing VEO instantiation template for 'bmg_72_88bd69a7e506f2a2'...
Writing Verilog behavioral simulation model for 'bmg_72_88bd69a7e506f2a2'...
WARNING:sim - No files were found for the view xilinx_documentation
INFO:sim:949 - Finished generation of ASY schematic symbol.
Generating metadata file...
Generating ISE project file for 'bmg_72_88bd69a7e506f2a2'...
Generating README file...
Generating FLIST file...
INFO:sim:948 - Finished FLIST file generation.
Moving files to output directory...
Finished moving files to output directory
Saved CGP file for project 'coregen'.
INFO:sim:172 - Generating IP...
Resolving generics for 'bmg_72_9cba7eb6526fc26f'...
Applying external generics to 'bmg_72_9cba7eb6526fc26f'...
Delivering associated files for 'bmg_72_9cba7eb6526fc26f'...
Delivering EJava files for 'bmg_72_9cba7eb6526fc26f'...
Generating implementation netlist for 'bmg_72_9cba7eb6526fc26f'...
INFO:sim - Pre-processing HDL files for 'bmg_72_9cba7eb6526fc26f'...
Running synthesis for 'bmg_72_9cba7eb6526fc26f'
Running ngcbuild...
Writing VEO instantiation template for 'bmg_72_9cba7eb6526fc26f'...
Writing Verilog behavioral simulation model for 'bmg_72_9cba7eb6526fc26f'...
WARNING:sim - No files were found for the view xilinx_documentation
INFO:sim:949 - Finished generation of ASY schematic symbol.
Generating metadata file...
Generating ISE project file for 'bmg_72_9cba7eb6526fc26f'...
Generating README file...
Generating FLIST file...
INFO:sim:948 - Finished FLIST file generation.
Moving files to output directory...
Finished moving files to output directory
Saved CGP file for project 'coregen'.
INFO:sim:172 - Generating IP...
Resolving generics for 'bmg_72_a3b5d83d934b45b5'...
Applying external generics to 'bmg_72_a3b5d83d934b45b5'...
Delivering associated files for 'bmg_72_a3b5d83d934b45b5'...
Delivering EJava files for 'bmg_72_a3b5d83d934b45b5'...
Generating implementation netlist for 'bmg_72_a3b5d83d934b45b5'...
INFO:sim - Pre-processing HDL files for 'bmg_72_a3b5d83d934b45b5'...
Running synthesis for 'bmg_72_a3b5d83d934b45b5'
Running ngcbuild...
Writing VEO instantiation template for 'bmg_72_a3b5d83d934b45b5'...
Writing Verilog behavioral simulation model for 'bmg_72_a3b5d83d934b45b5'...
WARNING:sim - No files were found for the view xilinx_documentation
INFO:sim:949 - Finished generation of ASY schematic symbol.
Generating metadata file...
Generating ISE project file for 'bmg_72_a3b5d83d934b45b5'...
Generating README file...
Generating FLIST file...
INFO:sim:948 - Finished FLIST file generation.
Moving files to output directory...
Finished moving files to output directory
Saved CGP file for project 'coregen'.
INFO:sim:172 - Generating IP...
Resolving generics for 'bmg_72_b297e10d233cb875'...
Applying external generics to 'bmg_72_b297e10d233cb875'...
Delivering associated files for 'bmg_72_b297e10d233cb875'...
Delivering EJava files for 'bmg_72_b297e10d233cb875'...
Generating implementation netlist for 'bmg_72_b297e10d233cb875'...
INFO:sim - Pre-processing HDL files for 'bmg_72_b297e10d233cb875'...
Running synthesis for 'bmg_72_b297e10d233cb875'
Running ngcbuild...
Writing VEO instantiation template for 'bmg_72_b297e10d233cb875'...
Writing Verilog behavioral simulation model for 'bmg_72_b297e10d233cb875'...
WARNING:sim - No files were found for the view xilinx_documentation
INFO:sim:949 - Finished generation of ASY schematic symbol.
Generating metadata file...
Generating ISE project file for 'bmg_72_b297e10d233cb875'...
Generating README file...
Generating FLIST file...
INFO:sim:948 - Finished FLIST file generation.
Moving files to output directory...
Finished moving files to output directory
Saved CGP file for project 'coregen'.
INFO:sim:172 - Generating IP...
Resolving generics for 'bmg_72_c0e7027c8d56f068'...
Applying external generics to 'bmg_72_c0e7027c8d56f068'...
Delivering associated files for 'bmg_72_c0e7027c8d56f068'...
Delivering EJava files for 'bmg_72_c0e7027c8d56f068'...
Generating implementation netlist for 'bmg_72_c0e7027c8d56f068'...
INFO:sim - Pre-processing HDL files for 'bmg_72_c0e7027c8d56f068'...
Running synthesis for 'bmg_72_c0e7027c8d56f068'
Running ngcbuild...
Writing VEO instantiation template for 'bmg_72_c0e7027c8d56f068'...
Writing Verilog behavioral simulation model for 'bmg_72_c0e7027c8d56f068'...
WARNING:sim - No files were found for the view xilinx_documentation
INFO:sim:949 - Finished generation of ASY schematic symbol.
Generating metadata file...
Generating ISE project file for 'bmg_72_c0e7027c8d56f068'...
Generating README file...
Generating FLIST file...
INFO:sim:948 - Finished FLIST file generation.
Moving files to output directory...
Finished moving files to output directory
Saved CGP file for project 'coregen'.
INFO:sim:172 - Generating IP...
Resolving generics for 'bmg_72_e18a8bcda58a41cd'...
Applying external generics to 'bmg_72_e18a8bcda58a41cd'...
Delivering associated files for 'bmg_72_e18a8bcda58a41cd'...
Delivering EJava files for 'bmg_72_e18a8bcda58a41cd'...
Generating implementation netlist for 'bmg_72_e18a8bcda58a41cd'...
INFO:sim - Pre-processing HDL files for 'bmg_72_e18a8bcda58a41cd'...
Running synthesis for 'bmg_72_e18a8bcda58a41cd'
Running ngcbuild...
Writing VEO instantiation template for 'bmg_72_e18a8bcda58a41cd'...
Writing Verilog behavioral simulation model for 'bmg_72_e18a8bcda58a41cd'...
WARNING:sim - No files were found for the view xilinx_documentation
INFO:sim:949 - Finished generation of ASY schematic symbol.
Generating metadata file...
Generating ISE project file for 'bmg_72_e18a8bcda58a41cd'...
Generating README file...
Generating FLIST file...
INFO:sim:948 - Finished FLIST file generation.
Moving files to output directory...
Finished moving files to output directory
Saved CGP file for project 'coregen'.
INFO:sim:172 - Generating IP...
Resolving generics for 'cntr_11_0_6da79292a37693ee'...
WARNING:sim - Verilog simulation file type 'Behavioral' is not valid for this
   core. Overriding with simulation file type 'Structural'.
Applying external generics to 'cntr_11_0_6da79292a37693ee'...
Delivering associated files for 'cntr_11_0_6da79292a37693ee'...
Generating implementation netlist for 'cntr_11_0_6da79292a37693ee'...
INFO:sim - Pre-processing HDL files for 'cntr_11_0_6da79292a37693ee'...
Running synthesis for 'cntr_11_0_6da79292a37693ee'
Running ngcbuild...
Writing VEO instantiation template for 'cntr_11_0_6da79292a37693ee'...
WARNING:sim - Verilog simulation file type 'Behavioral' is not valid for this
   core. Overriding with simulation file type 'Structural'.
Writing Verilog structural simulation model for 'cntr_11_0_6da79292a37693ee'...
WARNING:sim - Verilog simulation file type 'Behavioral' is not valid for this
   core. Overriding with simulation file type 'Structural'.
Delivered 3 files into directory
C:/Users/laurengao.COMTECH/AppData/Local/Temp/sysgentmp-laurengao/cg_wk/cac8229c
4e901867a/tmp/_cg/cntr_11_0_6da79292a37693ee
Delivered 1 file into directory
C:/Users/laurengao.COMTECH/AppData/Local/Temp/sysgentmp-laurengao/cg_wk/cac8229c
4e901867a/tmp/_cg/cntr_11_0_6da79292a37693ee
INFO:sim:949 - Finished generation of ASY schematic symbol.
Generating metadata file...
Generating ISE project file for 'cntr_11_0_6da79292a37693ee'...
Generating README file...
Generating FLIST file...
INFO:sim:948 - Finished FLIST file generation.
Moving files to output directory...
Finished moving files to output directory
Saved CGP file for project 'coregen'.
INFO:sim:172 - Generating IP...
Resolving generics for 'cntr_11_0_76451075d188e63f'...
WARNING:sim - Verilog simulation file type 'Behavioral' is not valid for this
   core. Overriding with simulation file type 'Structural'.
Applying external generics to 'cntr_11_0_76451075d188e63f'...
Delivering associated files for 'cntr_11_0_76451075d188e63f'...
Generating implementation netlist for 'cntr_11_0_76451075d188e63f'...
INFO:sim - Pre-processing HDL files for 'cntr_11_0_76451075d188e63f'...
Running synthesis for 'cntr_11_0_76451075d188e63f'
Running ngcbuild...
Writing VEO instantiation template for 'cntr_11_0_76451075d188e63f'...
WARNING:sim - Verilog simulation file type 'Behavioral' is not valid for this
   core. Overriding with simulation file type 'Structural'.
Writing Verilog structural simulation model for 'cntr_11_0_76451075d188e63f'...
WARNING:sim - Verilog simulation file type 'Behavioral' is not valid for this
   core. Overriding with simulation file type 'Structural'.
Delivered 3 files into directory
C:/Users/laurengao.COMTECH/AppData/Local/Temp/sysgentmp-laurengao/cg_wk/cac8229c
4e901867a/tmp/_cg/cntr_11_0_76451075d188e63f
Delivered 1 file into directory
C:/Users/laurengao.COMTECH/AppData/Local/Temp/sysgentmp-laurengao/cg_wk/cac8229c
4e901867a/tmp/_cg/cntr_11_0_76451075d188e63f
INFO:sim:949 - Finished generation of ASY schematic symbol.
Generating metadata file...
Generating ISE project file for 'cntr_11_0_76451075d188e63f'...
Generating README file...
Generating FLIST file...
INFO:sim:948 - Finished FLIST file generation.
Moving files to output directory...
Finished moving files to output directory
Saved CGP file for project 'coregen'.
INFO:sim:172 - Generating IP...
Resolving generics for 'cntr_11_0_7a9f00e1c86c8fba'...
WARNING:sim - Verilog simulation file type 'Behavioral' is not valid for this
   core. Overriding with simulation file type 'Structural'.
Applying external generics to 'cntr_11_0_7a9f00e1c86c8fba'...
Delivering associated files for 'cntr_11_0_7a9f00e1c86c8fba'...
Generating implementation netlist for 'cntr_11_0_7a9f00e1c86c8fba'...
INFO:sim - Pre-processing HDL files for 'cntr_11_0_7a9f00e1c86c8fba'...
Running synthesis for 'cntr_11_0_7a9f00e1c86c8fba'
Running ngcbuild...
Writing VEO instantiation template for 'cntr_11_0_7a9f00e1c86c8fba'...
WARNING:sim - Verilog simulation file type 'Behavioral' is not valid for this
   core. Overriding with simulation file type 'Structural'.
Writing Verilog structural simulation model for 'cntr_11_0_7a9f00e1c86c8fba'...
WARNING:sim - Verilog simulation file type 'Behavioral' is not valid for this
   core. Overriding with simulation file type 'Structural'.
Delivered 3 files into directory
C:/Users/laurengao.COMTECH/AppData/Local/Temp/sysgentmp-laurengao/cg_wk/cac8229c
4e901867a/tmp/_cg/cntr_11_0_7a9f00e1c86c8fba
Delivered 1 file into directory
C:/Users/laurengao.COMTECH/AppData/Local/Temp/sysgentmp-laurengao/cg_wk/cac8229c
4e901867a/tmp/_cg/cntr_11_0_7a9f00e1c86c8fba
INFO:sim:949 - Finished generation of ASY schematic symbol.
Generating metadata file...
Generating ISE project file for 'cntr_11_0_7a9f00e1c86c8fba'...
Generating README file...
Generating FLIST file...
INFO:sim:948 - Finished FLIST file generation.
Moving files to output directory...
Finished moving files to output directory
Saved CGP file for project 'coregen'.
INFO:sim:172 - Generating IP...
Resolving generics for 'dmg_72_1c9994abe91d1da0'...
Applying external generics to 'dmg_72_1c9994abe91d1da0'...
Delivering associated files for 'dmg_72_1c9994abe91d1da0'...
Delivering EJava files for 'dmg_72_1c9994abe91d1da0'...
Generating implementation netlist for 'dmg_72_1c9994abe91d1da0'...
INFO:sim - Pre-processing HDL files for 'dmg_72_1c9994abe91d1da0'...
Running synthesis for 'dmg_72_1c9994abe91d1da0'
Running ngcbuild...
Writing VEO instantiation template for 'dmg_72_1c9994abe91d1da0'...
Writing Verilog behavioral simulation model for 'dmg_72_1c9994abe91d1da0'...
WARNING:sim - Overwriting existing file
   C:/Users/laurengao.COMTECH/AppData/Local/Temp/sysgentmp-laurengao/cg_wk/cac82
   29c4e901867a/tmp/_cg/dmg_72_1c9994abe91d1da0/doc/dist_mem_gen_v7_2_vinfo.html
   with file from view xilinx_documentation
Delivered 2 files into directory
C:/Users/laurengao.COMTECH/AppData/Local/Temp/sysgentmp-laurengao/cg_wk/cac8229c
4e901867a/tmp/_cg/dmg_72_1c9994abe91d1da0
INFO:sim:949 - Finished generation of ASY schematic symbol.
Generating metadata file...
Generating ISE project file for 'dmg_72_1c9994abe91d1da0'...
Generating README file...
Generating FLIST file...
INFO:sim:948 - Finished FLIST file generation.
Moving files to output directory...
Finished moving files to output directory
Saved CGP file for project 'coregen'.
INFO:sim:172 - Generating IP...
Resolving generics for 'dmg_72_2828f053f6c73e1f'...
Applying external generics to 'dmg_72_2828f053f6c73e1f'...
Delivering associated files for 'dmg_72_2828f053f6c73e1f'...
Delivering EJava files for 'dmg_72_2828f053f6c73e1f'...
Generating implementation netlist for 'dmg_72_2828f053f6c73e1f'...
INFO:sim - Pre-processing HDL files for 'dmg_72_2828f053f6c73e1f'...
Running synthesis for 'dmg_72_2828f053f6c73e1f'
Running ngcbuild...
Writing VEO instantiation template for 'dmg_72_2828f053f6c73e1f'...
Writing Verilog behavioral simulation model for 'dmg_72_2828f053f6c73e1f'...
WARNING:sim - Overwriting existing file
   C:/Users/laurengao.COMTECH/AppData/Local/Temp/sysgentmp-laurengao/cg_wk/cac82
   29c4e901867a/tmp/_cg/dmg_72_2828f053f6c73e1f/doc/dist_mem_gen_v7_2_vinfo.html
   with file from view xilinx_documentation
Delivered 2 files into directory
C:/Users/laurengao.COMTECH/AppData/Local/Temp/sysgentmp-laurengao/cg_wk/cac8229c
4e901867a/tmp/_cg/dmg_72_2828f053f6c73e1f
INFO:sim:949 - Finished generation of ASY schematic symbol.
Generating metadata file...
Generating ISE project file for 'dmg_72_2828f053f6c73e1f'...
Generating README file...
Generating FLIST file...
INFO:sim:948 - Finished FLIST file generation.
Moving files to output directory...
Finished moving files to output directory
Saved CGP file for project 'coregen'.
INFO:sim:172 - Generating IP...
Resolving generics for 'dmg_72_53c8fda674a6c63d'...
Applying external generics to 'dmg_72_53c8fda674a6c63d'...
Delivering associated files for 'dmg_72_53c8fda674a6c63d'...
Delivering EJava files for 'dmg_72_53c8fda674a6c63d'...
Generating implementation netlist for 'dmg_72_53c8fda674a6c63d'...
INFO:sim - Pre-processing HDL files for 'dmg_72_53c8fda674a6c63d'...
Running synthesis for 'dmg_72_53c8fda674a6c63d'
Running ngcbuild...
Writing VEO instantiation template for 'dmg_72_53c8fda674a6c63d'...
Writing Verilog behavioral simulation model for 'dmg_72_53c8fda674a6c63d'...
WARNING:sim - Overwriting existing file
   C:/Users/laurengao.COMTECH/AppData/Local/Temp/sysgentmp-laurengao/cg_wk/cac82
   29c4e901867a/tmp/_cg/dmg_72_53c8fda674a6c63d/doc/dist_mem_gen_v7_2_vinfo.html
   with file from view xilinx_documentation
Delivered 2 files into directory
C:/Users/laurengao.COMTECH/AppData/Local/Temp/sysgentmp-laurengao/cg_wk/cac8229c
4e901867a/tmp/_cg/dmg_72_53c8fda674a6c63d
INFO:sim:949 - Finished generation of ASY schematic symbol.
Generating metadata file...
Generating ISE project file for 'dmg_72_53c8fda674a6c63d'...
Generating README file...
Generating FLIST file...
INFO:sim:948 - Finished FLIST file generation.
Moving files to output directory...
Finished moving files to output directory
Saved CGP file for project 'coregen'.
INFO:sim:172 - Generating IP...
Resolving generics for 'dmg_72_85ef246b9b71061d'...
Applying external generics to 'dmg_72_85ef246b9b71061d'...
Delivering associated files for 'dmg_72_85ef246b9b71061d'...
Delivering EJava files for 'dmg_72_85ef246b9b71061d'...
Generating implementation netlist for 'dmg_72_85ef246b9b71061d'...
INFO:sim - Pre-processing HDL files for 'dmg_72_85ef246b9b71061d'...
Running synthesis for 'dmg_72_85ef246b9b71061d'
Running ngcbuild...
Writing VEO instantiation template for 'dmg_72_85ef246b9b71061d'...
Writing Verilog behavioral simulation model for 'dmg_72_85ef246b9b71061d'...
WARNING:sim - Overwriting existing file
   C:/Users/laurengao.COMTECH/AppData/Local/Temp/sysgentmp-laurengao/cg_wk/cac82
   29c4e901867a/tmp/_cg/dmg_72_85ef246b9b71061d/doc/dist_mem_gen_v7_2_vinfo.html
   with file from view xilinx_documentation
Delivered 2 files into directory
C:/Users/laurengao.COMTECH/AppData/Local/Temp/sysgentmp-laurengao/cg_wk/cac8229c
4e901867a/tmp/_cg/dmg_72_85ef246b9b71061d
INFO:sim:949 - Finished generation of ASY schematic symbol.
Generating metadata file...
Generating ISE project file for 'dmg_72_85ef246b9b71061d'...
Generating README file...
Generating FLIST file...
INFO:sim:948 - Finished FLIST file generation.
Moving files to output directory...
Finished moving files to output directory
Saved CGP file for project 'coregen'.
INFO:sim:172 - Generating IP...
Resolving generics for 'dmg_72_903d17a1900ee539'...
Applying external generics to 'dmg_72_903d17a1900ee539'...
Delivering associated files for 'dmg_72_903d17a1900ee539'...
Delivering EJava files for 'dmg_72_903d17a1900ee539'...
Generating implementation netlist for 'dmg_72_903d17a1900ee539'...
INFO:sim - Pre-processing HDL files for 'dmg_72_903d17a1900ee539'...
Running synthesis for 'dmg_72_903d17a1900ee539'
Running ngcbuild...
Writing VEO instantiation template for 'dmg_72_903d17a1900ee539'...
Writing Verilog behavioral simulation model for 'dmg_72_903d17a1900ee539'...
WARNING:sim - Overwriting existing file
   C:/Users/laurengao.COMTECH/AppData/Local/Temp/sysgentmp-laurengao/cg_wk/cac82
   29c4e901867a/tmp/_cg/dmg_72_903d17a1900ee539/doc/dist_mem_gen_v7_2_vinfo.html
   with file from view xilinx_documentation
Delivered 2 files into directory
C:/Users/laurengao.COMTECH/AppData/Local/Temp/sysgentmp-laurengao/cg_wk/cac8229c
4e901867a/tmp/_cg/dmg_72_903d17a1900ee539
INFO:sim:949 - Finished generation of ASY schematic symbol.
Generating metadata file...
Generating ISE project file for 'dmg_72_903d17a1900ee539'...
Generating README file...
Generating FLIST file...
INFO:sim:948 - Finished FLIST file generation.
Moving files to output directory...
Finished moving files to output directory
Saved CGP file for project 'coregen'.
INFO:sim:172 - Generating IP...
Resolving generics for 'dmg_72_9651f078ad2c9f1b'...
Applying external generics to 'dmg_72_9651f078ad2c9f1b'...
Delivering associated files for 'dmg_72_9651f078ad2c9f1b'...
Delivering EJava files for 'dmg_72_9651f078ad2c9f1b'...
Generating implementation netlist for 'dmg_72_9651f078ad2c9f1b'...
INFO:sim - Pre-processing HDL files for 'dmg_72_9651f078ad2c9f1b'...
Running synthesis for 'dmg_72_9651f078ad2c9f1b'
Running ngcbuild...
Writing VEO instantiation template for 'dmg_72_9651f078ad2c9f1b'...
Writing Verilog behavioral simulation model for 'dmg_72_9651f078ad2c9f1b'...
WARNING:sim - Overwriting existing file
   C:/Users/laurengao.COMTECH/AppData/Local/Temp/sysgentmp-laurengao/cg_wk/cac82
   29c4e901867a/tmp/_cg/dmg_72_9651f078ad2c9f1b/doc/dist_mem_gen_v7_2_vinfo.html
   with file from view xilinx_documentation
Delivered 2 files into directory
C:/Users/laurengao.COMTECH/AppData/Local/Temp/sysgentmp-laurengao/cg_wk/cac8229c
4e901867a/tmp/_cg/dmg_72_9651f078ad2c9f1b
INFO:sim:949 - Finished generation of ASY schematic symbol.
Generating metadata file...
Generating ISE project file for 'dmg_72_9651f078ad2c9f1b'...
Generating README file...
Generating FLIST file...
INFO:sim:948 - Finished FLIST file generation.
Moving files to output directory...
Finished moving files to output directory
Saved CGP file for project 'coregen'.
INFO:sim:172 - Generating IP...
Resolving generics for 'dmg_72_9ec52875c6eb4958'...
Applying external generics to 'dmg_72_9ec52875c6eb4958'...
Delivering associated files for 'dmg_72_9ec52875c6eb4958'...
Delivering EJava files for 'dmg_72_9ec52875c6eb4958'...
Generating implementation netlist for 'dmg_72_9ec52875c6eb4958'...
INFO:sim - Pre-processing HDL files for 'dmg_72_9ec52875c6eb4958'...
Running synthesis for 'dmg_72_9ec52875c6eb4958'
Running ngcbuild...
Writing VEO instantiation template for 'dmg_72_9ec52875c6eb4958'...
Writing Verilog behavioral simulation model for 'dmg_72_9ec52875c6eb4958'...
WARNING:sim - Overwriting existing file
   C:/Users/laurengao.COMTECH/AppData/Local/Temp/sysgentmp-laurengao/cg_wk/cac82
   29c4e901867a/tmp/_cg/dmg_72_9ec52875c6eb4958/doc/dist_mem_gen_v7_2_vinfo.html
   with file from view xilinx_documentation
Delivered 2 files into directory
C:/Users/laurengao.COMTECH/AppData/Local/Temp/sysgentmp-laurengao/cg_wk/cac8229c
4e901867a/tmp/_cg/dmg_72_9ec52875c6eb4958
INFO:sim:949 - Finished generation of ASY schematic symbol.
Generating metadata file...
Generating ISE project file for 'dmg_72_9ec52875c6eb4958'...
Generating README file...
Generating FLIST file...
INFO:sim:948 - Finished FLIST file generation.
Moving files to output directory...
Finished moving files to output directory
Saved CGP file for project 'coregen'.
INFO:sim:172 - Generating IP...
Resolving generics for 'dmg_72_b01799b9bf71bdc0'...
Applying external generics to 'dmg_72_b01799b9bf71bdc0'...
Delivering associated files for 'dmg_72_b01799b9bf71bdc0'...
Delivering EJava files for 'dmg_72_b01799b9bf71bdc0'...
Generating implementation netlist for 'dmg_72_b01799b9bf71bdc0'...
INFO:sim - Pre-processing HDL files for 'dmg_72_b01799b9bf71bdc0'...
Running synthesis for 'dmg_72_b01799b9bf71bdc0'
Running ngcbuild...
Writing VEO instantiation template for 'dmg_72_b01799b9bf71bdc0'...
Writing Verilog behavioral simulation model for 'dmg_72_b01799b9bf71bdc0'...
WARNING:sim - Overwriting existing file
   C:/Users/laurengao.COMTECH/AppData/Local/Temp/sysgentmp-laurengao/cg_wk/cac82
   29c4e901867a/tmp/_cg/dmg_72_b01799b9bf71bdc0/doc/dist_mem_gen_v7_2_vinfo.html
   with file from view xilinx_documentation
Delivered 2 files into directory
C:/Users/laurengao.COMTECH/AppData/Local/Temp/sysgentmp-laurengao/cg_wk/cac8229c
4e901867a/tmp/_cg/dmg_72_b01799b9bf71bdc0
INFO:sim:949 - Finished generation of ASY schematic symbol.
Generating metadata file...
Generating ISE project file for 'dmg_72_b01799b9bf71bdc0'...
Generating README file...
Generating FLIST file...
INFO:sim:948 - Finished FLIST file generation.
Moving files to output directory...
Finished moving files to output directory
Saved CGP file for project 'coregen'.
INFO:sim:172 - Generating IP...
Resolving generics for 'dmg_72_e9661fc0e9eb3e90'...
Applying external generics to 'dmg_72_e9661fc0e9eb3e90'...
Delivering associated files for 'dmg_72_e9661fc0e9eb3e90'...
Delivering EJava files for 'dmg_72_e9661fc0e9eb3e90'...
Generating implementation netlist for 'dmg_72_e9661fc0e9eb3e90'...
INFO:sim - Pre-processing HDL files for 'dmg_72_e9661fc0e9eb3e90'...
Running synthesis for 'dmg_72_e9661fc0e9eb3e90'
Running ngcbuild...
Writing VEO instantiation template for 'dmg_72_e9661fc0e9eb3e90'...
Writing Verilog behavioral simulation model for 'dmg_72_e9661fc0e9eb3e90'...
WARNING:sim - Overwriting existing file
   C:/Users/laurengao.COMTECH/AppData/Local/Temp/sysgentmp-laurengao/cg_wk/cac82
   29c4e901867a/tmp/_cg/dmg_72_e9661fc0e9eb3e90/doc/dist_mem_gen_v7_2_vinfo.html
   with file from view xilinx_documentation
Delivered 2 files into directory
C:/Users/laurengao.COMTECH/AppData/Local/Temp/sysgentmp-laurengao/cg_wk/cac8229c
4e901867a/tmp/_cg/dmg_72_e9661fc0e9eb3e90
INFO:sim:949 - Finished generation of ASY schematic symbol.
Generating metadata file...
Generating ISE project file for 'dmg_72_e9661fc0e9eb3e90'...
Generating README file...
Generating FLIST file...
INFO:sim:948 - Finished FLIST file generation.
Moving files to output directory...
Finished moving files to output directory
Saved CGP file for project 'coregen'.
INFO:sim:172 - Generating IP...
Resolving generics for 'dmg_72_f25cd80cb6ee82df'...
Applying external generics to 'dmg_72_f25cd80cb6ee82df'...
Delivering associated files for 'dmg_72_f25cd80cb6ee82df'...
Delivering EJava files for 'dmg_72_f25cd80cb6ee82df'...
Generating implementation netlist for 'dmg_72_f25cd80cb6ee82df'...
INFO:sim - Pre-processing HDL files for 'dmg_72_f25cd80cb6ee82df'...
Running synthesis for 'dmg_72_f25cd80cb6ee82df'
Running ngcbuild...
Writing VEO instantiation template for 'dmg_72_f25cd80cb6ee82df'...
Writing Verilog behavioral simulation model for 'dmg_72_f25cd80cb6ee82df'...
WARNING:sim - Overwriting existing file
   C:/Users/laurengao.COMTECH/AppData/Local/Temp/sysgentmp-laurengao/cg_wk/cac82
   29c4e901867a/tmp/_cg/dmg_72_f25cd80cb6ee82df/doc/dist_mem_gen_v7_2_vinfo.html
   with file from view xilinx_documentation
Delivered 2 files into directory
C:/Users/laurengao.COMTECH/AppData/Local/Temp/sysgentmp-laurengao/cg_wk/cac8229c
4e901867a/tmp/_cg/dmg_72_f25cd80cb6ee82df
INFO:sim:949 - Finished generation of ASY schematic symbol.
Generating metadata file...
Generating ISE project file for 'dmg_72_f25cd80cb6ee82df'...
Generating README file...
Generating FLIST file...
INFO:sim:948 - Finished FLIST file generation.
Moving files to output directory...
Finished moving files to output directory
Saved CGP file for project 'coregen'.
Saved CGP file for project 'coregen'.
